# JRE version: OpenJDK Runtime Environment Temurin-21.0.10+7 (21.0.10+7) (build 21.0.10+7-LTS)
# Java VM: OpenJDK 64-Bit Server VM Temurin-21.0.10+7 (21.0.10+7-LTS, mixed mode, sharing, tiered, compressed oops, compressed class ptrs, parallel gc, windows-amd64)
GC Precious Log:
 CardTable entry size: 512
 CPUs: 12 total, 12 available
 Memory: 5996M
 Large Page Support: Disabled
 NUMA Support: Disabled
 Compressed Oops: Enabled (32-bit)
 Alignments: Space 512K, Generation 512K, Heap 2M
 Heap Min Capacity: 100M
 Heap Initial Capacity: 100M
 Heap Max Capacity: 2G
 Pre-touch: Disabled
 Parallel Workers: 10
Heap:
 PSYoungGen      total 23040K, used 8982K [0x00000000d5580000, 0x00000000d6e80000, 0x0000000100000000)
  eden space 21504K, 36% used [0x00000000d5580000,0x00000000d5d39a58,0x00000000d6a80000)
  from space 1536K, 69% used [0x00000000d6d00000,0x00000000d6e0c030,0x00000000d6e80000)
  to   space 1536K, 0% used [0x00000000d6b80000,0x00000000d6b80000,0x00000000d6d00000)
 ParOldGen       total 68608K, used 56822K [0x0000000080000000, 0x0000000084300000, 0x00000000d5580000)
  object space 68608K, 82% used [0x0000000080000000,0x000000008377d9d8,0x0000000084300000)
 Metaspace       used 66042K, committed 67520K, reserved 1114112K
  class space    used 7885K, committed 8512K, reserved 1048576K
GC Heap History (20 events):
Event: 61.942 GC heap before
{Heap before GC invocations=30 (full 3):
 PSYoungGen      total 24576K, used 416K [0x00000000d5580000, 0x00000000d7100000, 0x0000000100000000)
  eden space 22016K, 0% used [0x00000000d5580000,0x00000000d5580000,0x00000000d6b00000)
  from space 2560K, 16% used [0x00000000d6d00000,0x00000000d6d68000,0x00000000d6f80000)
  to   space 1024K, 0% used [0x00000000d7000000,0x00000000d7000000,0x00000000d7100000)
 ParOldGen       total 68608K, used 46461K [0x0000000080000000, 0x0000000084300000, 0x00000000d5580000)
  object space 68608K, 67% used [0x0000000080000000,0x0000000082d5f778,0x0000000084300000)
 Metaspace       used 58594K, committed 59776K, reserved 1114112K
  class space    used 6911K, committed 7424K, reserved 1048576K
}
Event: 62.028 GC heap after
{Heap after GC invocations=30 (full 3):
 PSYoungGen      total 24576K, used 0K [0x00000000d5580000, 0x00000000d7100000, 0x0000000100000000)
  eden space 22016K, 0% used [0x00000000d5580000,0x00000000d5580000,0x00000000d6b00000)
  from space 2560K, 0% used [0x00000000d6d00000,0x00000000d6d00000,0x00000000d6f80000)
  to   space 1024K, 0% used [0x00000000d7000000,0x00000000d7000000,0x00000000d7100000)
 ParOldGen       total 68608K, used 41454K [0x0000000080000000, 0x0000000084300000, 0x00000000d5580000)
  object space 68608K, 60% used [0x0000000080000000,0x000000008287b990,0x0000000084300000)
 Metaspace       used 58594K, committed 59776K, reserved 1114112K
  class space    used 6911K, committed 7424K, reserved 1048576K
}
Event: 62.876 GC heap before
{Heap before GC invocations=31 (full 3):
 PSYoungGen      total 24576K, used 22016K [0x00000000d5580000, 0x00000000d7100000, 0x0000000100000000)
  eden space 22016K, 100% used [0x00000000d5580000,0x00000000d6b00000,0x00000000d6b00000)
  from space 2560K, 0% used [0x00000000d6d00000,0x00000000d6d00000,0x00000000d6f80000)
  to   space 1024K, 0% used [0x00000000d7000000,0x00000000d7000000,0x00000000d7100000)
 ParOldGen       total 68608K, used 41454K [0x0000000080000000, 0x0000000084300000, 0x00000000d5580000)
  object space 68608K, 60% used [0x0000000080000000,0x000000008287b990,0x0000000084300000)
 Metaspace       used 59873K, committed 61120K, reserved 1114112K
  class space    used 7131K, committed 7680K, reserved 1048576K
}
Event: 62.878 GC heap after
{Heap after GC invocations=31 (full 3):
 PSYoungGen      total 23040K, used 992K [0x00000000d5580000, 0x00000000d7100000, 0x0000000100000000)
  eden space 22016K, 0% used [0x00000000d5580000,0x00000000d5580000,0x00000000d6b00000)
  from space 1024K, 96% used [0x00000000d7000000,0x00000000d70f83c8,0x00000000d7100000)
  to   space 2048K, 0% used [0x00000000d6d00000,0x00000000d6d00000,0x00000000d6f00000)
 ParOldGen       total 68608K, used 42022K [0x0000000080000000, 0x0000000084300000, 0x00000000d5580000)
  object space 68608K, 61% used [0x0000000080000000,0x00000000829099b0,0x0000000084300000)
 Metaspace       used 59873K, committed 61120K, reserved 1114112K
  class space    used 7131K, committed 7680K, reserved 1048576K
}
Event: 63.546 GC heap before
{Heap before GC invocations=32 (full 3):
 PSYoungGen      total 23040K, used 23008K [0x00000000d5580000, 0x00000000d7100000, 0x0000000100000000)
  eden space 22016K, 100% used [0x00000000d5580000,0x00000000d6b00000,0x00000000d6b00000)
  from space 1024K, 96% used [0x00000000d7000000,0x00000000d70f83c8,0x00000000d7100000)
  to   space 2048K, 0% used [0x00000000d6d00000,0x00000000d6d00000,0x00000000d6f00000)
 ParOldGen       total 68608K, used 42022K [0x0000000080000000, 0x0000000084300000, 0x00000000d5580000)
  object space 68608K, 61% used [0x0000000080000000,0x00000000829099b0,0x0000000084300000)
 Metaspace       used 61337K, committed 62656K, reserved 1114112K
  class space    used 7262K, committed 7808K, reserved 1048576K
}
Event: 63.549 GC heap after
{Heap after GC invocations=32 (full 3):
 PSYoungGen      total 24064K, used 1648K [0x00000000d5580000, 0x00000000d7080000, 0x0000000100000000)
  eden space 22016K, 0% used [0x00000000d5580000,0x00000000d5580000,0x00000000d6b00000)
  from space 2048K, 80% used [0x00000000d6d00000,0x00000000d6e9c040,0x00000000d6f00000)
  to   space 1536K, 0% used [0x00000000d6f00000,0x00000000d6f00000,0x00000000d7080000)
 ParOldGen       total 68608K, used 43032K [0x0000000080000000, 0x0000000084300000, 0x00000000d5580000)
  object space 68608K, 62% used [0x0000000080000000,0x0000000082a06368,0x0000000084300000)
 Metaspace       used 61337K, committed 62656K, reserved 1114112K
  class space    used 7262K, committed 7808K, reserved 1048576K
}
Event: 63.825 GC heap before
{Heap before GC invocations=33 (full 3):
 PSYoungGen      total 24064K, used 23664K [0x00000000d5580000, 0x00000000d7080000, 0x0000000100000000)
  eden space 22016K, 100% used [0x00000000d5580000,0x00000000d6b00000,0x00000000d6b00000)
  from space 2048K, 80% used [0x00000000d6d00000,0x00000000d6e9c040,0x00000000d6f00000)
  to   space 1536K, 0% used [0x00000000d6f00000,0x00000000d6f00000,0x00000000d7080000)
 ParOldGen       total 68608K, used 43032K [0x0000000080000000, 0x0000000084300000, 0x00000000d5580000)
  object space 68608K, 62% used [0x0000000080000000,0x0000000082a06368,0x0000000084300000)
 Metaspace       used 61730K, committed 63104K, reserved 1114112K
  class space    used 7323K, committed 7872K, reserved 1048576K
}
Event: 63.829 GC heap after
{Heap after GC invocations=33 (full 3):
 PSYoungGen      total 23040K, used 1521K [0x00000000d5580000, 0x00000000d7400000, 0x0000000100000000)
  eden space 21504K, 0% used [0x00000000d5580000,0x00000000d5580000,0x00000000d6a80000)
  from space 1536K, 99% used [0x00000000d6f00000,0x00000000d707c420,0x00000000d7080000)
  to   space 4608K, 0% used [0x00000000d6a80000,0x00000000d6a80000,0x00000000d6f00000)
 ParOldGen       total 68608K, used 45390K [0x0000000080000000, 0x0000000084300000, 0x00000000d5580000)
  object space 68608K, 66% used [0x0000000080000000,0x0000000082c539f0,0x0000000084300000)
 Metaspace       used 61730K, committed 63104K, reserved 1114112K
  class space    used 7323K, committed 7872K, reserved 1048576K
}
Event: 64.014 GC heap before
{Heap before GC invocations=34 (full 3):
 PSYoungGen      total 23040K, used 23025K [0x00000000d5580000, 0x00000000d7400000, 0x0000000100000000)
  eden space 21504K, 100% used [0x00000000d5580000,0x00000000d6a80000,0x00000000d6a80000)
  from space 1536K, 99% used [0x00000000d6f00000,0x00000000d707c420,0x00000000d7080000)
  to   space 4608K, 0% used [0x00000000d6a80000,0x00000000d6a80000,0x00000000d6f00000)
 ParOldGen       total 68608K, used 45390K [0x0000000080000000, 0x0000000084300000, 0x00000000d5580000)
  object space 68608K, 66% used [0x0000000080000000,0x0000000082c539f0,0x0000000084300000)
 Metaspace       used 61767K, committed 63104K, reserved 1114112K
  class space    used 7323K, committed 7872K, reserved 1048576K
}
Event: 64.019 GC heap after
{Heap after GC invocations=34 (full 3):
 PSYoungGen      total 24576K, used 2706K [0x00000000d5580000, 0x00000000d7180000, 0x0000000100000000)
  eden space 21504K, 0% used [0x00000000d5580000,0x00000000d5580000,0x00000000d6a80000)
  from space 3072K, 88% used [0x00000000d6a80000,0x00000000d6d24820,0x00000000d6d80000)
  to   space 3584K, 0% used [0x00000000d6e00000,0x00000000d6e00000,0x00000000d7180000)
 ParOldGen       total 68608K, used 46777K [0x0000000080000000, 0x0000000084300000, 0x00000000d5580000)
  object space 68608K, 68% used [0x0000000080000000,0x0000000082dae6d0,0x0000000084300000)
 Metaspace       used 61767K, committed 63104K, reserved 1114112K
  class space    used 7323K, committed 7872K, reserved 1048576K
}
Event: 64.202 GC heap before
{Heap before GC invocations=35 (full 3):
 PSYoungGen      total 24576K, used 24210K [0x00000000d5580000, 0x00000000d7180000, 0x0000000100000000)
  eden space 21504K, 100% used [0x00000000d5580000,0x00000000d6a80000,0x00000000d6a80000)
  from space 3072K, 88% used [0x00000000d6a80000,0x00000000d6d24820,0x00000000d6d80000)
  to   space 3584K, 0% used [0x00000000d6e00000,0x00000000d6e00000,0x00000000d7180000)
 ParOldGen       total 68608K, used 46777K [0x0000000080000000, 0x0000000084300000, 0x00000000d5580000)
  object space 68608K, 68% used [0x0000000080000000,0x0000000082dae6d0,0x0000000084300000)
 Metaspace       used 61789K, committed 63168K, reserved 1114112K
  class space    used 7323K, committed 7872K, reserved 1048576K
}
Event: 64.207 GC heap after
{Heap after GC invocations=35 (full 3):
 PSYoungGen      total 24064K, used 2308K [0x00000000d5580000, 0x00000000d7080000, 0x0000000100000000)
  eden space 21504K, 0% used [0x00000000d5580000,0x00000000d5580000,0x00000000d6a80000)
  from space 2560K, 90% used [0x00000000d6e00000,0x00000000d7041000,0x00000000d7080000)
  to   space 2560K, 0% used [0x00000000d6b80000,0x00000000d6b80000,0x00000000d6e00000)
 ParOldGen       total 68608K, used 49257K [0x0000000080000000, 0x0000000084300000, 0x00000000d5580000)
  object space 68608K, 71% used [0x0000000080000000,0x000000008301a710,0x0000000084300000)
 Metaspace       used 61789K, committed 63168K, reserved 1114112K
  class space    used 7323K, committed 7872K, reserved 1048576K
}
Event: 64.418 GC heap before
{Heap before GC invocations=36 (full 3):
 PSYoungGen      total 24064K, used 23812K [0x00000000d5580000, 0x00000000d7080000, 0x0000000100000000)
  eden space 21504K, 100% used [0x00000000d5580000,0x00000000d6a80000,0x00000000d6a80000)
  from space 2560K, 90% used [0x00000000d6e00000,0x00000000d7041000,0x00000000d7080000)
  to   space 2560K, 0% used [0x00000000d6b80000,0x00000000d6b80000,0x00000000d6e00000)
 ParOldGen       total 68608K, used 49257K [0x0000000080000000, 0x0000000084300000, 0x00000000d5580000)
  object space 68608K, 71% used [0x0000000080000000,0x000000008301a710,0x0000000084300000)
 Metaspace       used 61803K, committed 63168K, reserved 1114112K
  class space    used 7323K, committed 7872K, reserved 1048576K
}
Event: 64.423 GC heap after
{Heap after GC invocations=36 (full 3):
 PSYoungGen      total 24064K, used 2528K [0x00000000d5580000, 0x00000000d7080000, 0x0000000100000000)
  eden space 21504K, 0% used [0x00000000d5580000,0x00000000d5580000,0x00000000d6a80000)
  from space 2560K, 98% used [0x00000000d6b80000,0x00000000d6df8010,0x00000000d6e00000)
  to   space 2560K, 0% used [0x00000000d6e00000,0x00000000d6e00000,0x00000000d7080000)
 ParOldGen       total 68608K, used 51439K [0x0000000080000000, 0x0000000084300000, 0x00000000d5580000)
  object space 68608K, 74% used [0x0000000080000000,0x000000008323bd38,0x0000000084300000)
 Metaspace       used 61803K, committed 63168K, reserved 1114112K
  class space    used 7323K, committed 7872K, reserved 1048576K
}
Event: 64.604 GC heap before
{Heap before GC invocations=37 (full 3):
 PSYoungGen      total 24064K, used 24032K [0x00000000d5580000, 0x00000000d7080000, 0x0000000100000000)
  eden space 21504K, 100% used [0x00000000d5580000,0x00000000d6a80000,0x00000000d6a80000)
  from space 2560K, 98% used [0x00000000d6b80000,0x00000000d6df8010,0x00000000d6e00000)
  to   space 2560K, 0% used [0x00000000d6e00000,0x00000000d6e00000,0x00000000d7080000)
 ParOldGen       total 68608K, used 51439K [0x0000000080000000, 0x0000000084300000, 0x00000000d5580000)
  object space 68608K, 74% used [0x0000000080000000,0x000000008323bd38,0x0000000084300000)
 Metaspace       used 61829K, committed 63168K, reserved 1114112K
  class space    used 7323K, committed 7872K, reserved 1048576K
}
Event: 64.609 GC heap after
{Heap after GC invocations=37 (full 3):
 PSYoungGen      total 24064K, used 2168K [0x00000000d5580000, 0x00000000d7080000, 0x0000000100000000)
  eden space 21504K, 0% used [0x00000000d5580000,0x00000000d5580000,0x00000000d6a80000)
  from space 2560K, 84% used [0x00000000d6e00000,0x00000000d701e200,0x00000000d7080000)
  to   space 2560K, 0% used [0x00000000d6b80000,0x00000000d6b80000,0x00000000d6e00000)
 ParOldGen       total 68608K, used 53807K [0x0000000080000000, 0x0000000084300000, 0x00000000d5580000)
  object space 68608K, 78% used [0x0000000080000000,0x000000008348bd48,0x0000000084300000)
 Metaspace       used 61829K, committed 63168K, reserved 1114112K
  class space    used 7323K, committed 7872K, reserved 1048576K
}
Event: 65.481 GC heap before
{Heap before GC invocations=38 (full 3):
 PSYoungGen      total 24064K, used 23671K [0x00000000d5580000, 0x00000000d7080000, 0x0000000100000000)
  eden space 21504K, 99% used [0x00000000d5580000,0x00000000d6a7fc90,0x00000000d6a80000)
  from space 2560K, 84% used [0x00000000d6e00000,0x00000000d701e200,0x00000000d7080000)
  to   space 2560K, 0% used [0x00000000d6b80000,0x00000000d6b80000,0x00000000d6e00000)
 ParOldGen       total 68608K, used 53807K [0x0000000080000000, 0x0000000084300000, 0x00000000d5580000)
  object space 68608K, 78% used [0x0000000080000000,0x000000008348bd48,0x0000000084300000)
 Metaspace       used 63769K, committed 65216K, reserved 1114112K
  class space    used 7615K, committed 8192K, reserved 1048576K
}
Event: 65.485 GC heap after
{Heap after GC invocations=38 (full 3):
 PSYoungGen      total 23040K, used 1120K [0x00000000d5580000, 0x00000000d6e80000, 0x0000000100000000)
  eden space 21504K, 0% used [0x00000000d5580000,0x00000000d5580000,0x00000000d6a80000)
  from space 1536K, 72% used [0x00000000d6b80000,0x00000000d6c98030,0x00000000d6d00000)
  to   space 1536K, 0% used [0x00000000d6d00000,0x00000000d6d00000,0x00000000d6e80000)
 ParOldGen       total 68608K, used 55863K [0x0000000080000000, 0x0000000084300000, 0x00000000d5580000)
  object space 68608K, 81% used [0x0000000080000000,0x000000008368df48,0x0000000084300000)
 Metaspace       used 63769K, committed 65216K, reserved 1114112K
  class space    used 7615K, committed 8192K, reserved 1048576K
}
Event: 160.491 GC heap before
{Heap before GC invocations=39 (full 3):
 PSYoungGen      total 23040K, used 22624K [0x00000000d5580000, 0x00000000d6e80000, 0x0000000100000000)
  eden space 21504K, 100% used [0x00000000d5580000,0x00000000d6a80000,0x00000000d6a80000)
  from space 1536K, 72% used [0x00000000d6b80000,0x00000000d6c98030,0x00000000d6d00000)
  to   space 1536K, 0% used [0x00000000d6d00000,0x00000000d6d00000,0x00000000d6e80000)
 ParOldGen       total 68608K, used 55863K [0x0000000080000000, 0x0000000084300000, 0x00000000d5580000)
  object space 68608K, 81% used [0x0000000080000000,0x000000008368df48,0x0000000084300000)
 Metaspace       used 65343K, committed 66880K, reserved 1114112K
  class space    used 7812K, committed 8448K, reserved 1048576K
}
Event: 160.564 GC heap after
{Heap after GC invocations=39 (full 3):
 PSYoungGen      total 23040K, used 1072K [0x00000000d5580000, 0x00000000d6e80000, 0x0000000100000000)
  eden space 21504K, 0% used [0x00000000d5580000,0x00000000d5580000,0x00000000d6a80000)
  from space 1536K, 69% used [0x00000000d6d00000,0x00000000d6e0c030,0x00000000d6e80000)
  to   space 1536K, 0% used [0x00000000d6b80000,0x00000000d6b80000,0x00000000d6d00000)
 ParOldGen       total 68608K, used 56822K [0x0000000080000000, 0x0000000084300000, 0x00000000d5580000)
  object space 68608K, 82% used [0x0000000080000000,0x000000008377d9d8,0x0000000084300000)
 Metaspace       used 65343K, committed 66880K, reserved 1114112K
  class space    used 7812K, committed 8448K, reserved 1048576K
}

