# JRE version: OpenJDK Runtime Environment Temurin-21.0.10+7 (21.0.10+7) (build 21.0.10+7-LTS)
# Java VM: OpenJDK 64-Bit Server VM Temurin-21.0.10+7 (21.0.10+7-LTS, mixed mode, sharing, tiered, compressed oops, compressed class ptrs, g1 gc, windows-amd64)
GC Precious Log:
 CardTable entry size: 512
 Card Set container configuration: InlinePtr #cards 4 size 8 Array Of Cards #cards 32 size 80 Howl #buckets 8 coarsen threshold 7372 Howl Bitmap #cards 1024 size 144 coarsen threshold 921 Card regions per heap region 1 cards per card region 8192
 CPUs: 12 total, 12 available
 Memory: 5996M
 Large Page Support: Disabled
 NUMA Support: Disabled
 Compressed Oops: Enabled (Zero based)
 Heap Region Size: 4M
 Heap Min Capacity: 8M
 Heap Initial Capacity: 96M
 Heap Max Capacity: 8G
 Pre-touch: Disabled
 Parallel Workers: 10
 Concurrent Workers: 3
 Concurrent Refinement Workers: 10
 Periodic GC: Disabled
Heap:
 garbage-first heap   total 102400K, used 90935K [0x0000000600000000, 0x0000000800000000)
  region size 4096K, 9 young (36864K), 1 survivors (4096K)
 Metaspace       used 64752K, committed 66688K, reserved 1114112K
  class space    used 9399K, committed 10368K, reserved 1048576K
GC Heap History (20 events):
Event: 9.815 GC heap after
{Heap after GC invocations=8 (full 0):
 garbage-first heap   total 98304K, used 28396K [0x0000000600000000, 0x0000000800000000)
  region size 4096K, 2 young (8192K), 2 survivors (8192K)
 Metaspace       used 27720K, committed 28672K, reserved 1114112K
  class space    used 4216K, committed 4672K, reserved 1048576K
}
Event: 11.051 GC heap before
{Heap before GC invocations=8 (full 0):
 garbage-first heap   total 98304K, used 73452K [0x0000000600000000, 0x0000000800000000)
  region size 4096K, 14 young (57344K), 2 survivors (8192K)
 Metaspace       used 33406K, committed 34432K, reserved 1114112K
  class space    used 4830K, committed 5312K, reserved 1048576K
}
Event: 11.060 GC heap after
{Heap after GC invocations=9 (full 0):
 garbage-first heap   total 98304K, used 33240K [0x0000000600000000, 0x0000000800000000)
  region size 4096K, 2 young (8192K), 2 survivors (8192K)
 Metaspace       used 33406K, committed 34432K, reserved 1114112K
  class space    used 4830K, committed 5312K, reserved 1048576K
}
Event: 11.388 GC heap before
{Heap before GC invocations=9 (full 0):
 garbage-first heap   total 98304K, used 41432K [0x0000000600000000, 0x0000000800000000)
  region size 4096K, 5 young (20480K), 2 survivors (8192K)
 Metaspace       used 34940K, committed 35968K, reserved 1114112K
  class space    used 4964K, committed 5504K, reserved 1048576K
}
Event: 11.394 GC heap after
{Heap after GC invocations=10 (full 0):
 garbage-first heap   total 98304K, used 34770K [0x0000000600000000, 0x0000000800000000)
  region size 4096K, 1 young (4096K), 1 survivors (4096K)
 Metaspace       used 34940K, committed 35968K, reserved 1114112K
  class space    used 4964K, committed 5504K, reserved 1048576K
}
Event: 12.343 GC heap before
{Heap before GC invocations=11 (full 0):
 garbage-first heap   total 98304K, used 75730K [0x0000000600000000, 0x0000000800000000)
  region size 4096K, 12 young (49152K), 1 survivors (4096K)
 Metaspace       used 37789K, committed 38976K, reserved 1114112K
  class space    used 5315K, committed 5888K, reserved 1048576K
}
Event: 12.346 GC heap after
{Heap after GC invocations=12 (full 0):
 garbage-first heap   total 98304K, used 35698K [0x0000000600000000, 0x0000000800000000)
  region size 4096K, 1 young (4096K), 1 survivors (4096K)
 Metaspace       used 37789K, committed 38976K, reserved 1114112K
  class space    used 5315K, committed 5888K, reserved 1048576K
}
Event: 13.876 GC heap before
{Heap before GC invocations=12 (full 0):
 garbage-first heap   total 98304K, used 80754K [0x0000000600000000, 0x0000000800000000)
  region size 4096K, 12 young (49152K), 1 survivors (4096K)
 Metaspace       used 43031K, committed 44544K, reserved 1114112K
  class space    used 6191K, committed 6912K, reserved 1048576K
}
Event: 13.881 GC heap after
{Heap after GC invocations=13 (full 0):
 garbage-first heap   total 98304K, used 38239K [0x0000000600000000, 0x0000000800000000)
  region size 4096K, 2 young (8192K), 2 survivors (8192K)
 Metaspace       used 43031K, committed 44544K, reserved 1114112K
  class space    used 6191K, committed 6912K, reserved 1048576K
}
Event: 14.835 GC heap before
{Heap before GC invocations=13 (full 0):
 garbage-first heap   total 98304K, used 79199K [0x0000000600000000, 0x0000000800000000)
  region size 4096K, 12 young (49152K), 2 survivors (8192K)
 Metaspace       used 44943K, committed 46528K, reserved 1114112K
  class space    used 6507K, committed 7296K, reserved 1048576K
}
Event: 14.840 GC heap after
{Heap after GC invocations=14 (full 0):
 garbage-first heap   total 98304K, used 39855K [0x0000000600000000, 0x0000000800000000)
  region size 4096K, 2 young (8192K), 2 survivors (8192K)
 Metaspace       used 44943K, committed 46528K, reserved 1114112K
  class space    used 6507K, committed 7296K, reserved 1048576K
}
Event: 18.387 GC heap before
{Heap before GC invocations=14 (full 0):
 garbage-first heap   total 98304K, used 80815K [0x0000000600000000, 0x0000000800000000)
  region size 4096K, 12 young (49152K), 2 survivors (8192K)
 Metaspace       used 49302K, committed 51072K, reserved 1114112K
  class space    used 7217K, committed 8128K, reserved 1048576K
}
Event: 18.402 GC heap after
{Heap after GC invocations=15 (full 0):
 garbage-first heap   total 98304K, used 41790K [0x0000000600000000, 0x0000000800000000)
  region size 4096K, 2 young (8192K), 2 survivors (8192K)
 Metaspace       used 49302K, committed 51072K, reserved 1114112K
  class space    used 7217K, committed 8128K, reserved 1048576K
}
Event: 22.666 GC heap before
{Heap before GC invocations=15 (full 0):
 garbage-first heap   total 98304K, used 82750K [0x0000000600000000, 0x0000000800000000)
  region size 4096K, 13 young (53248K), 2 survivors (8192K)
 Metaspace       used 56936K, committed 58752K, reserved 1114112K
  class space    used 8209K, committed 9088K, reserved 1048576K
}
Event: 22.686 GC heap after
{Heap after GC invocations=16 (full 0):
 garbage-first heap   total 102400K, used 46600K [0x0000000600000000, 0x0000000800000000)
  region size 4096K, 2 young (8192K), 2 survivors (8192K)
 Metaspace       used 56936K, committed 58752K, reserved 1114112K
  class space    used 8209K, committed 9088K, reserved 1048576K
}
Event: 23.832 GC heap before
{Heap before GC invocations=16 (full 0):
 garbage-first heap   total 102400K, used 67080K [0x0000000600000000, 0x0000000800000000)
  region size 4096K, 9 young (36864K), 2 survivors (8192K)
 Metaspace       used 58301K, committed 60096K, reserved 1114112K
  class space    used 8419K, committed 9280K, reserved 1048576K
}
Event: 23.850 GC heap after
{Heap after GC invocations=17 (full 0):
 garbage-first heap   total 102400K, used 49340K [0x0000000600000000, 0x0000000800000000)
  region size 4096K, 1 young (4096K), 1 survivors (4096K)
 Metaspace       used 58301K, committed 60096K, reserved 1114112K
  class space    used 8419K, committed 9280K, reserved 1048576K
}
Event: 28.320 GC heap before
{Heap before GC invocations=18 (full 0):
 garbage-first heap   total 102400K, used 82108K [0x0000000600000000, 0x0000000800000000)
  region size 4096K, 10 young (40960K), 1 survivors (4096K)
 Metaspace       used 61149K, committed 63104K, reserved 1114112K
  class space    used 8916K, committed 9856K, reserved 1048576K
}
Event: 28.324 GC heap after
{Heap after GC invocations=19 (full 0):
 garbage-first heap   total 102400K, used 54071K [0x0000000600000000, 0x0000000800000000)
  region size 4096K, 2 young (8192K), 2 survivors (8192K)
 Metaspace       used 61149K, committed 63104K, reserved 1114112K
  class space    used 8916K, committed 9856K, reserved 1048576K
}
Event: 29.558 GC heap before
{Heap before GC invocations=20 (full 0):
 garbage-first heap   total 102400K, used 90935K [0x0000000600000000, 0x0000000800000000)
  region size 4096K, 10 young (40960K), 2 survivors (8192K)
 Metaspace       used 64752K, committed 66688K, reserved 1114112K
  class space    used 9399K, committed 10368K, reserved 1048576K
}

