# JRE version: OpenJDK Runtime Environment Temurin-21.0.10+7 (21.0.10+7) (build 21.0.10+7-LTS)
# Java VM: OpenJDK 64-Bit Server VM Temurin-21.0.10+7 (21.0.10+7-LTS, mixed mode, sharing, tiered, compressed oops, compressed class ptrs, g1 gc, windows-amd64)
GC Precious Log:
 CardTable entry size: 512
 Card Set container configuration: InlinePtr #cards 4 size 8 Array Of Cards #cards 32 size 80 Howl #buckets 8 coarsen threshold 7372 Howl Bitmap #cards 1024 size 144 coarsen threshold 921 Card regions per heap region 1 cards per card region 8192
 CPUs: 12 total, 12 available
 Memory: 5996M
 Large Page Support: Disabled
 NUMA Support: Disabled
 Compressed Oops: Enabled (Zero based)
 Heap Region Size: 4M
 Heap Min Capacity: 8M
 Heap Initial Capacity: 96M
 Heap Max Capacity: 8G
 Pre-touch: Disabled
 Parallel Workers: 10
 Concurrent Workers: 3
 Concurrent Refinement Workers: 10
 Periodic GC: Disabled
Heap:
 garbage-first heap   total 131072K, used 81099K [0x0000000600000000, 0x0000000800000000)
  region size 4096K, 14 young (57344K), 2 survivors (8192K)
 Metaspace       used 42059K, committed 43200K, reserved 1114112K
  class space    used 5926K, committed 6464K, reserved 1048576K
GC Heap History (20 events):
Event: 2.165 GC heap before
{Heap before GC invocations=1 (full 0):
 garbage-first heap   total 98304K, used 38464K [0x0000000600000000, 0x0000000800000000)
  region size 4096K, 10 young (40960K), 1 survivors (4096K)
 Metaspace       used 4367K, committed 4544K, reserved 1114112K
  class space    used 557K, committed 640K, reserved 1048576K
}
Event: 2.195 GC heap after
{Heap after GC invocations=2 (full 0):
 garbage-first heap   total 98304K, used 11867K [0x0000000600000000, 0x0000000800000000)
  region size 4096K, 2 young (8192K), 2 survivors (8192K)
 Metaspace       used 4367K, committed 4544K, reserved 1114112K
  class space    used 557K, committed 640K, reserved 1048576K
}
Event: 3.040 GC heap before
{Heap before GC invocations=2 (full 0):
 garbage-first heap   total 98304K, used 56923K [0x0000000600000000, 0x0000000800000000)
  region size 4096K, 13 young (53248K), 2 survivors (8192K)
 Metaspace       used 4541K, committed 4672K, reserved 1114112K
  class space    used 568K, committed 640K, reserved 1048576K
}
Event: 3.098 GC heap after
{Heap after GC invocations=3 (full 0):
 garbage-first heap   total 98304K, used 17085K [0x0000000600000000, 0x0000000800000000)
  region size 4096K, 2 young (8192K), 2 survivors (8192K)
 Metaspace       used 4541K, committed 4672K, reserved 1114112K
  class space    used 568K, committed 640K, reserved 1048576K
}
Event: 5.026 GC heap before
{Heap before GC invocations=3 (full 0):
 garbage-first heap   total 98304K, used 66237K [0x0000000600000000, 0x0000000800000000)
  region size 4096K, 14 young (57344K), 2 survivors (8192K)
 Metaspace       used 14026K, committed 14464K, reserved 1114112K
  class space    used 1953K, committed 2176K, reserved 1048576K
}
Event: 5.032 GC heap after
{Heap after GC invocations=4 (full 0):
 garbage-first heap   total 98304K, used 21682K [0x0000000600000000, 0x0000000800000000)
  region size 4096K, 2 young (8192K), 2 survivors (8192K)
 Metaspace       used 14026K, committed 14464K, reserved 1114112K
  class space    used 1953K, committed 2176K, reserved 1048576K
}
Event: 6.499 GC heap before
{Heap before GC invocations=4 (full 0):
 garbage-first heap   total 98304K, used 66738K [0x0000000600000000, 0x0000000800000000)
  region size 4096K, 13 young (53248K), 2 survivors (8192K)
 Metaspace       used 20093K, committed 20736K, reserved 1114112K
  class space    used 2963K, committed 3264K, reserved 1048576K
}
Event: 6.555 GC heap after
{Heap after GC invocations=5 (full 0):
 garbage-first heap   total 98304K, used 24388K [0x0000000600000000, 0x0000000800000000)
  region size 4096K, 1 young (4096K), 1 survivors (4096K)
 Metaspace       used 20093K, committed 20736K, reserved 1114112K
  class space    used 2963K, committed 3264K, reserved 1048576K
}
Event: 6.763 GC heap before
{Heap before GC invocations=5 (full 0):
 garbage-first heap   total 98304K, used 28484K [0x0000000600000000, 0x0000000800000000)
  region size 4096K, 3 young (12288K), 1 survivors (4096K)
 Metaspace       used 20892K, committed 21504K, reserved 1114112K
  class space    used 3091K, committed 3392K, reserved 1048576K
}
Event: 6.767 GC heap after
{Heap after GC invocations=6 (full 0):
 garbage-first heap   total 98304K, used 24712K [0x0000000600000000, 0x0000000800000000)
  region size 4096K, 1 young (4096K), 1 survivors (4096K)
 Metaspace       used 20892K, committed 21504K, reserved 1114112K
  class space    used 3091K, committed 3392K, reserved 1048576K
}
Event: 8.194 GC heap before
{Heap before GC invocations=7 (full 0):
 garbage-first heap   total 98304K, used 73864K [0x0000000600000000, 0x0000000800000000)
  region size 4096K, 13 young (53248K), 1 survivors (4096K)
 Metaspace       used 28008K, committed 28928K, reserved 1114112K
  class space    used 4158K, committed 4608K, reserved 1048576K
}
Event: 8.199 GC heap after
{Heap after GC invocations=8 (full 0):
 garbage-first heap   total 131072K, used 27127K [0x0000000600000000, 0x0000000800000000)
  region size 4096K, 2 young (8192K), 2 survivors (8192K)
 Metaspace       used 28008K, committed 28928K, reserved 1114112K
  class space    used 4158K, committed 4608K, reserved 1048576K
}
Event: 9.512 GC heap before
{Heap before GC invocations=8 (full 0):
 garbage-first heap   total 131072K, used 92663K [0x0000000600000000, 0x0000000800000000)
  region size 4096K, 19 young (77824K), 2 survivors (8192K)
 Metaspace       used 31485K, committed 32384K, reserved 1114112K
  class space    used 4671K, committed 5120K, reserved 1048576K
}
Event: 9.519 GC heap after
{Heap after GC invocations=9 (full 0):
 garbage-first heap   total 131072K, used 32668K [0x0000000600000000, 0x0000000800000000)
  region size 4096K, 3 young (12288K), 3 survivors (12288K)
 Metaspace       used 31485K, committed 32384K, reserved 1114112K
  class space    used 4671K, committed 5120K, reserved 1048576K
}
Event: 9.960 GC heap before
{Heap before GC invocations=9 (full 0):
 garbage-first heap   total 131072K, used 98204K [0x0000000600000000, 0x0000000800000000)
  region size 4096K, 19 young (77824K), 3 survivors (12288K)
 Metaspace       used 31644K, committed 32512K, reserved 1114112K
  class space    used 4688K, committed 5120K, reserved 1048576K
}
Event: 9.969 GC heap after
{Heap after GC invocations=10 (full 0):
 garbage-first heap   total 131072K, used 35382K [0x0000000600000000, 0x0000000800000000)
  region size 4096K, 3 young (12288K), 3 survivors (12288K)
 Metaspace       used 31644K, committed 32512K, reserved 1114112K
  class space    used 4688K, committed 5120K, reserved 1048576K
}
Event: 11.178 GC heap before
{Heap before GC invocations=10 (full 0):
 garbage-first heap   total 131072K, used 100918K [0x0000000600000000, 0x0000000800000000)
  region size 4096K, 19 young (77824K), 3 survivors (12288K)
 Metaspace       used 34225K, committed 35200K, reserved 1114112K
  class space    used 5041K, committed 5504K, reserved 1048576K
}
Event: 11.188 GC heap after
{Heap after GC invocations=11 (full 0):
 garbage-first heap   total 131072K, used 39521K [0x0000000600000000, 0x0000000800000000)
  region size 4096K, 2 young (8192K), 2 survivors (8192K)
 Metaspace       used 34225K, committed 35200K, reserved 1114112K
  class space    used 5041K, committed 5504K, reserved 1048576K
}
Event: 11.385 GC heap before
{Heap before GC invocations=11 (full 0):
 garbage-first heap   total 131072K, used 43617K [0x0000000600000000, 0x0000000800000000)
  region size 4096K, 4 young (16384K), 2 survivors (8192K)
 Metaspace       used 35201K, committed 36096K, reserved 1114112K
  class space    used 5132K, committed 5568K, reserved 1048576K
}
Event: 11.391 GC heap after
{Heap after GC invocations=12 (full 0):
 garbage-first heap   total 131072K, used 40139K [0x0000000600000000, 0x0000000800000000)
  region size 4096K, 2 young (8192K), 2 survivors (8192K)
 Metaspace       used 35201K, committed 36096K, reserved 1114112K
  class space    used 5132K, committed 5568K, reserved 1048576K
}

