# JRE version: OpenJDK Runtime Environment Temurin-21.0.10+7 (21.0.10+7) (build 21.0.10+7-LTS)
# Java VM: OpenJDK 64-Bit Server VM Temurin-21.0.10+7 (21.0.10+7-LTS, mixed mode, sharing, tiered, compressed oops, compressed class ptrs, g1 gc, windows-amd64)
GC Precious Log:
 CardTable entry size: 512
 Card Set container configuration: InlinePtr #cards 4 size 8 Array Of Cards #cards 32 size 80 Howl #buckets 8 coarsen threshold 7372 Howl Bitmap #cards 1024 size 144 coarsen threshold 921 Card regions per heap region 1 cards per card region 8192
 CPUs: 12 total, 12 available
 Memory: 5996M
 Large Page Support: Disabled
 NUMA Support: Disabled
 Compressed Oops: Enabled (Zero based)
 Heap Region Size: 4M
 Heap Min Capacity: 8M
 Heap Initial Capacity: 96M
 Heap Max Capacity: 8G
 Pre-touch: Disabled
 Parallel Workers: 10
 Concurrent Workers: 3
 Concurrent Refinement Workers: 10
 Periodic GC: Disabled
Heap:
 garbage-first heap   total 98304K, used 33387K [0x0000000600000000, 0x0000000800000000)
  region size 4096K, 2 young (8192K), 2 survivors (8192K)
 Metaspace       used 35045K, committed 36096K, reserved 1114112K
  class space    used 4935K, committed 5440K, reserved 1048576K
GC Heap History (17 events):
Event: 0.544 GC heap before
{Heap before GC invocations=0 (full 0):
 garbage-first heap   total 98304K, used 20480K [0x0000000600000000, 0x0000000800000000)
  region size 4096K, 5 young (20480K), 0 survivors (0K)
 Metaspace       used 874K, committed 1024K, reserved 1114112K
  class space    used 71K, committed 128K, reserved 1048576K
}
Event: 0.549 GC heap after
{Heap after GC invocations=1 (full 0):
 garbage-first heap   total 98304K, used 1600K [0x0000000600000000, 0x0000000800000000)
  region size 4096K, 1 young (4096K), 1 survivors (4096K)
 Metaspace       used 874K, committed 1024K, reserved 1114112K
  class space    used 71K, committed 128K, reserved 1048576K
}
Event: 1.643 GC heap before
{Heap before GC invocations=1 (full 0):
 garbage-first heap   total 98304K, used 38464K [0x0000000600000000, 0x0000000800000000)
  region size 4096K, 10 young (40960K), 1 survivors (4096K)
 Metaspace       used 4385K, committed 4544K, reserved 1114112K
  class space    used 556K, committed 640K, reserved 1048576K
}
Event: 1.658 GC heap after
{Heap after GC invocations=2 (full 0):
 garbage-first heap   total 98304K, used 11975K [0x0000000600000000, 0x0000000800000000)
  region size 4096K, 2 young (8192K), 2 survivors (8192K)
 Metaspace       used 4385K, committed 4544K, reserved 1114112K
  class space    used 556K, committed 640K, reserved 1048576K
}
Event: 2.421 GC heap before
{Heap before GC invocations=2 (full 0):
 garbage-first heap   total 98304K, used 57031K [0x0000000600000000, 0x0000000800000000)
  region size 4096K, 13 young (53248K), 2 survivors (8192K)
 Metaspace       used 4506K, committed 4736K, reserved 1114112K
  class space    used 562K, committed 640K, reserved 1048576K
}
Event: 2.433 GC heap after
{Heap after GC invocations=3 (full 0):
 garbage-first heap   total 98304K, used 16692K [0x0000000600000000, 0x0000000800000000)
  region size 4096K, 2 young (8192K), 2 survivors (8192K)
 Metaspace       used 4506K, committed 4736K, reserved 1114112K
  class space    used 562K, committed 640K, reserved 1048576K
}
Event: 4.061 GC heap before
{Heap before GC invocations=3 (full 0):
 garbage-first heap   total 98304K, used 65844K [0x0000000600000000, 0x0000000800000000)
  region size 4096K, 14 young (57344K), 2 survivors (8192K)
 Metaspace       used 13992K, committed 14464K, reserved 1114112K
  class space    used 1949K, committed 2176K, reserved 1048576K
}
Event: 4.067 GC heap after
{Heap after GC invocations=4 (full 0):
 garbage-first heap   total 98304K, used 21634K [0x0000000600000000, 0x0000000800000000)
  region size 4096K, 2 young (8192K), 2 survivors (8192K)
 Metaspace       used 13992K, committed 14464K, reserved 1114112K
  class space    used 1949K, committed 2176K, reserved 1048576K
}
Event: 9.418 GC heap before
{Heap before GC invocations=4 (full 0):
 garbage-first heap   total 98304K, used 66690K [0x0000000600000000, 0x0000000800000000)
  region size 4096K, 13 young (53248K), 2 survivors (8192K)
 Metaspace       used 20069K, committed 20736K, reserved 1114112K
  class space    used 2962K, committed 3264K, reserved 1048576K
}
Event: 9.423 GC heap after
{Heap after GC invocations=5 (full 0):
 garbage-first heap   total 98304K, used 24723K [0x0000000600000000, 0x0000000800000000)
  region size 4096K, 1 young (4096K), 1 survivors (4096K)
 Metaspace       used 20069K, committed 20736K, reserved 1114112K
  class space    used 2962K, committed 3264K, reserved 1048576K
}
Event: 9.590 GC heap before
{Heap before GC invocations=5 (full 0):
 garbage-first heap   total 98304K, used 28819K [0x0000000600000000, 0x0000000800000000)
  region size 4096K, 3 young (12288K), 1 survivors (4096K)
 Metaspace       used 20873K, committed 21504K, reserved 1114112K
  class space    used 3088K, committed 3392K, reserved 1048576K
}
Event: 9.593 GC heap after
{Heap after GC invocations=6 (full 0):
 garbage-first heap   total 98304K, used 24973K [0x0000000600000000, 0x0000000800000000)
  region size 4096K, 1 young (4096K), 1 survivors (4096K)
 Metaspace       used 20873K, committed 21504K, reserved 1114112K
  class space    used 3088K, committed 3392K, reserved 1048576K
}
Event: 10.865 GC heap before
{Heap before GC invocations=7 (full 0):
 garbage-first heap   total 98304K, used 70029K [0x0000000600000000, 0x0000000800000000)
  region size 4096K, 13 young (53248K), 1 survivors (4096K)
 Metaspace       used 27482K, committed 28352K, reserved 1114112K
  class space    used 4110K, committed 4544K, reserved 1048576K
}
Event: 10.869 GC heap after
{Heap after GC invocations=8 (full 0):
 garbage-first heap   total 98304K, used 27852K [0x0000000600000000, 0x0000000800000000)
  region size 4096K, 2 young (8192K), 2 survivors (8192K)
 Metaspace       used 27482K, committed 28352K, reserved 1114112K
  class space    used 4110K, committed 4544K, reserved 1048576K
}
Event: 12.113 GC heap before
{Heap before GC invocations=8 (full 0):
 garbage-first heap   total 98304K, used 72908K [0x0000000600000000, 0x0000000800000000)
  region size 4096K, 14 young (57344K), 2 survivors (8192K)
 Metaspace       used 33888K, committed 34944K, reserved 1114112K
  class space    used 4741K, committed 5248K, reserved 1048576K
}
Event: 12.156 GC heap after
{Heap after GC invocations=9 (full 0):
 garbage-first heap   total 98304K, used 32642K [0x0000000600000000, 0x0000000800000000)
  region size 4096K, 2 young (8192K), 2 survivors (8192K)
 Metaspace       used 33888K, committed 34944K, reserved 1114112K
  class space    used 4741K, committed 5248K, reserved 1048576K
}
Event: 12.737 GC heap before
{Heap before GC invocations=9 (full 0):
 garbage-first heap   total 98304K, used 65410K [0x0000000600000000, 0x0000000800000000)
  region size 4096K, 11 young (45056K), 2 survivors (8192K)
 Metaspace       used 35045K, committed 36096K, reserved 1114112K
  class space    used 4935K, committed 5440K, reserved 1048576K
}

